2025-03-10T11:25:42.998Z  INFO 4020073 --- [braggly] [main] com.example.backend.BackendApplication   : Starting BackendApplication using Java 17.0.13 with PID 4020073 (/opt/braggly/backend/build/classes/java/main started by rocky in /opt/braggly/backend)
2025-03-10T11:25:43.010Z  INFO 4020073 --- [braggly] [main] com.example.backend.BackendApplication   : No active profile set, falling back to 1 default profile: "default"
2025-03-10T11:25:44.232Z  INFO 4020073 --- [braggly] [main] .s.d.r.c.RepositoryConfigurationDelegate : Bootstrapping Spring Data JPA repositories in DEFAULT mode.
2025-03-10T11:25:44.297Z  INFO 4020073 --- [braggly] [main] .s.d.r.c.RepositoryConfigurationDelegate : Finished Spring Data repository scanning in 52 ms. Found 1 JPA repository interface.
2025-03-10T11:25:45.072Z  INFO 4020073 --- [braggly] [main] o.s.b.w.embedded.tomcat.TomcatWebServer  : Tomcat initialized with port 9191 (http)
2025-03-10T11:25:45.088Z  INFO 4020073 --- [braggly] [main] o.apache.catalina.core.StandardService   : Starting service [Tomcat]
2025-03-10T11:25:45.088Z  INFO 4020073 --- [braggly] [main] o.apache.catalina.core.StandardEngine    : Starting Servlet engine: [Apache Tomcat/10.1.36]
2025-03-10T11:25:45.142Z  INFO 4020073 --- [braggly] [main] o.a.c.c.C.[Tomcat].[localhost].[/]       : Initializing Spring embedded WebApplicationContext
2025-03-10T11:25:45.143Z  INFO 4020073 --- [braggly] [main] w.s.c.ServletWebServerApplicationContext : Root WebApplicationContext: initialization completed in 2077 ms
2025-03-10T11:25:45.468Z  INFO 4020073 --- [braggly] [main] o.hibernate.jpa.internal.util.LogHelper  : HHH000204: Processing PersistenceUnitInfo [name: default]
2025-03-10T11:25:45.540Z  INFO 4020073 --- [braggly] [main] org.hibernate.Version                    : HHH000412: Hibernate ORM core version 6.6.8.Final
2025-03-10T11:25:45.587Z  INFO 4020073 --- [braggly] [main] o.h.c.internal.RegionFactoryInitiator    : HHH000026: Second-level cache disabled
2025-03-10T11:25:45.965Z  INFO 4020073 --- [braggly] [main] o.s.o.j.p.SpringPersistenceUnitInfo      : No LoadTimeWeaver setup: ignoring JPA class transformer
2025-03-10T11:25:46.001Z  INFO 4020073 --- [braggly] [main] com.zaxxer.hikari.HikariDataSource       : HikariPool-1 - Starting...
2025-03-10T11:25:46.112Z  INFO 4020073 --- [braggly] [main] com.zaxxer.hikari.pool.HikariPool        : HikariPool-1 - Added connection org.postgresql.jdbc.PgConnection@299eca90
2025-03-10T11:25:46.115Z  INFO 4020073 --- [braggly] [main] com.zaxxer.hikari.HikariDataSource       : HikariPool-1 - Start completed.
2025-03-10T11:25:46.226Z  INFO 4020073 --- [braggly] [main] org.hibernate.orm.connections.pooling    : HHH10001005: Database info:
	Database JDBC URL [Connecting through datasource 'HikariDataSource (HikariPool-1)']
	Database driver: undefined/unknown
	Database version: 13.18
	Autocommit mode: undefined/unknown
	Isolation level: undefined/unknown
	Minimum pool size: undefined/unknown
	Maximum pool size: undefined/unknown
2025-03-10T11:25:47.234Z  INFO 4020073 --- [braggly] [main] o.h.e.t.j.p.i.JtaPlatformInitiator       : HHH000489: No JTA platform available (set 'hibernate.transaction.jta.platform' to enable JTA platform integration)
2025-03-10T11:25:47.337Z  INFO 4020073 --- [braggly] [main] j.LocalContainerEntityManagerFactoryBean : Initialized JPA EntityManagerFactory for persistence unit 'default'
2025-03-10T11:25:47.765Z DEBUG 4020073 --- [braggly] [main] o.s.w.f.ServerHttpObservationFilter      : Filter 'webMvcObservationFilter' configured for use
2025-03-10T11:25:47.921Z DEBUG 4020073 --- [braggly] [main] org.hibernate.SQL                        : select u1_0.id,u1_0.password,u1_0.role,u1_0.username from users u1_0 where u1_0.username=?
2025-03-10T11:25:48.025Z  WARN 4020073 --- [braggly] [main] JpaBaseConfiguration$JpaWebConfiguration : spring.jpa.open-in-view is enabled by default. Therefore, database queries may be performed during view rendering. Explicitly configure spring.jpa.open-in-view to disable this warning
2025-03-10T11:25:48.066Z  INFO 4020073 --- [braggly] [main] r$InitializeUserDetailsManagerConfigurer : Global AuthenticationManager configured with UserDetailsService bean with name customUserDetailsService
2025-03-10T11:25:48.240Z DEBUG 4020073 --- [braggly] [main] s.w.s.m.m.a.RequestMappingHandlerMapping : 8 mappings in 'requestMappingHandlerMapping'
2025-03-10T11:25:48.404Z DEBUG 4020073 --- [braggly] [main] o.s.w.s.handler.SimpleUrlHandlerMapping  : Patterns [/webjars/**, /**] in 'resourceHandlerMapping'
2025-03-10T11:25:48.603Z  INFO 4020073 --- [braggly] [main] o.s.b.a.e.web.EndpointLinksResolver      : Exposing 1 endpoint beneath base path '/actuator'
2025-03-10T11:25:48.696Z DEBUG 4020073 --- [braggly] [main] o.s.s.web.DefaultSecurityFilterChain     : Will secure any request with filters: DisableEncodeUrlFilter, WebAsyncManagerIntegrationFilter, SecurityContextHolderFilter, HeaderWriterFilter, LogoutFilter, JwtAuthenticationFilter, RequestCacheAwareFilter, SecurityContextHolderAwareRequestFilter, AnonymousAuthenticationFilter, SessionManagementFilter, ExceptionTranslationFilter, AuthorizationFilter
2025-03-10T11:25:48.882Z DEBUG 4020073 --- [braggly] [main] s.w.s.m.m.a.RequestMappingHandlerAdapter : ControllerAdvice beans: 0 @ModelAttribute, 0 @InitBinder, 1 RequestBodyAdvice, 1 ResponseBodyAdvice
2025-03-10T11:25:48.938Z DEBUG 4020073 --- [braggly] [main] .m.m.a.ExceptionHandlerExceptionResolver : ControllerAdvice beans: 0 @ExceptionHandler, 1 ResponseBodyAdvice
2025-03-10T11:25:49.251Z  INFO 4020073 --- [braggly] [main] o.s.b.w.embedded.tomcat.TomcatWebServer  : Tomcat started on port 9191 (http) with context path '/'
2025-03-10T11:25:49.282Z  INFO 4020073 --- [braggly] [main] com.example.backend.BackendApplication   : Started BackendApplication in 6.814 seconds (process running for 7.24)
2025-03-10T11:25:52.223Z  INFO 4020073 --- [braggly] [http-nio-9191-exec-1] o.a.c.c.C.[Tomcat].[localhost].[/]       : Initializing Spring DispatcherServlet 'dispatcherServlet'
2025-03-10T11:25:52.224Z  INFO 4020073 --- [braggly] [http-nio-9191-exec-1] o.s.web.servlet.DispatcherServlet        : Initializing Servlet 'dispatcherServlet'
2025-03-10T11:25:52.225Z DEBUG 4020073 --- [braggly] [http-nio-9191-exec-1] o.s.web.servlet.DispatcherServlet        : Detected StandardServletMultipartResolver
2025-03-10T11:25:52.227Z DEBUG 4020073 --- [braggly] [http-nio-9191-exec-1] o.s.web.servlet.DispatcherServlet        : Detected AcceptHeaderLocaleResolver
2025-03-10T11:25:52.227Z DEBUG 4020073 --- [braggly] [http-nio-9191-exec-1] o.s.web.servlet.DispatcherServlet        : Detected FixedThemeResolver
2025-03-10T11:25:52.229Z DEBUG 4020073 --- [braggly] [http-nio-9191-exec-1] o.s.web.servlet.DispatcherServlet        : Detected org.springframework.web.servlet.view.DefaultRequestToViewNameTranslator@75f579d2
2025-03-10T11:25:52.230Z DEBUG 4020073 --- [braggly] [http-nio-9191-exec-1] o.s.web.servlet.DispatcherServlet        : Detected org.springframework.web.servlet.support.SessionFlashMapManager@d140627
2025-03-10T11:25:52.230Z DEBUG 4020073 --- [braggly] [http-nio-9191-exec-1] o.s.web.servlet.DispatcherServlet        : enableLoggingRequestDetails='false': request parameters and headers will be masked to prevent unsafe logging of potentially sensitive data
2025-03-10T11:25:52.231Z  INFO 4020073 --- [braggly] [http-nio-9191-exec-1] o.s.web.servlet.DispatcherServlet        : Completed initialization in 6 ms
2025-03-10T11:25:52.256Z DEBUG 4020073 --- [braggly] [http-nio-9191-exec-1] o.s.security.web.FilterChainProxy        : Securing POST /api/auth/login
2025-03-10T11:25:52.272Z DEBUG 4020073 --- [braggly] [http-nio-9191-exec-1] o.s.s.w.a.AnonymousAuthenticationFilter  : Set SecurityContextHolder to anonymous SecurityContext
2025-03-10T11:25:52.278Z DEBUG 4020073 --- [braggly] [http-nio-9191-exec-1] o.s.security.web.FilterChainProxy        : Secured POST /api/auth/login
2025-03-10T11:25:52.282Z DEBUG 4020073 --- [braggly] [http-nio-9191-exec-1] o.s.web.servlet.DispatcherServlet        : POST "/api/auth/login", parameters={}
2025-03-10T11:25:52.284Z DEBUG 4020073 --- [braggly] [http-nio-9191-exec-1] s.w.s.m.m.a.RequestMappingHandlerMapping : Mapped to com.example.backend.controller.AuthController#login(User)
2025-03-10T11:25:52.397Z DEBUG 4020073 --- [braggly] [http-nio-9191-exec-1] m.m.a.RequestResponseBodyMethodProcessor : Read "application/json;charset=UTF-8" to [com.example.backend.model.User@55b6c6f1]
2025-03-10T11:25:52.411Z DEBUG 4020073 --- [braggly] [http-nio-9191-exec-1] org.hibernate.SQL                        : select u1_0.id,u1_0.password,u1_0.role,u1_0.username from users u1_0 where u1_0.username=?
2025-03-10T11:25:52.580Z DEBUG 4020073 --- [braggly] [http-nio-9191-exec-1] o.s.w.s.m.m.a.HttpEntityMethodProcessor  : Using 'text/plain', given [*/*] and supported [text/plain, */*, application/json, application/*+json]
2025-03-10T11:25:52.581Z DEBUG 4020073 --- [braggly] [http-nio-9191-exec-1] o.s.w.s.m.m.a.HttpEntityMethodProcessor  : Writing ["{"token": "eyJhbGciOiJIUzI1NiJ9.eyJzdWIiOiJhZG1pbiIsImlhdCI6MTc0MTYwNTk1MiwiZXhwIjoxNzQxNjA5NTUyfQ.Z (truncated)..."]
2025-03-10T11:25:52.587Z DEBUG 4020073 --- [braggly] [http-nio-9191-exec-1] o.s.web.servlet.DispatcherServlet        : Completed 200 OK
2025-03-10T11:25:57.224Z DEBUG 4020073 --- [braggly] [http-nio-9191-exec-2] o.s.security.web.FilterChainProxy        : Securing GET /api/admin/list-user
2025-03-10T11:25:57.249Z DEBUG 4020073 --- [braggly] [http-nio-9191-exec-2] org.hibernate.SQL                        : select u1_0.id,u1_0.password,u1_0.role,u1_0.username from users u1_0 where u1_0.username=?
2025-03-10T11:25:57.256Z DEBUG 4020073 --- [braggly] [http-nio-9191-exec-2] o.s.security.web.FilterChainProxy        : Secured GET /api/admin/list-user
2025-03-10T11:25:57.257Z DEBUG 4020073 --- [braggly] [http-nio-9191-exec-2] o.s.web.servlet.DispatcherServlet        : GET "/api/admin/list-user", parameters={}
2025-03-10T11:25:57.257Z DEBUG 4020073 --- [braggly] [http-nio-9191-exec-2] s.w.s.m.m.a.RequestMappingHandlerMapping : Mapped to com.example.backend.controller.AdminController#listUsers(Authentication)
2025-03-10T11:25:57.279Z DEBUG 4020073 --- [braggly] [http-nio-9191-exec-2] org.hibernate.SQL                        : select u1_0.id,u1_0.password,u1_0.role,u1_0.username from users u1_0
2025-03-10T11:25:57.286Z DEBUG 4020073 --- [braggly] [http-nio-9191-exec-2] o.s.w.s.m.m.a.HttpEntityMethodProcessor  : Using 'application/json', given [*/*] and supported [application/json, application/*+json]
2025-03-10T11:25:57.286Z DEBUG 4020073 --- [braggly] [http-nio-9191-exec-2] o.s.w.s.m.m.a.HttpEntityMethodProcessor  : Writing [[{role=ADMIN, username=admin}, {role=USER, username=nikodem}, {role=USER, username=test}, {role=USER (truncated)...]
2025-03-10T11:25:57.298Z DEBUG 4020073 --- [braggly] [http-nio-9191-exec-2] o.s.web.servlet.DispatcherServlet        : Completed 200 OK
2025-03-10T11:26:07.863Z DEBUG 4020073 --- [braggly] [http-nio-9191-exec-3] o.s.security.web.FilterChainProxy        : Securing GET /api/whoami
2025-03-10T11:26:07.870Z DEBUG 4020073 --- [braggly] [http-nio-9191-exec-3] org.hibernate.SQL                        : select u1_0.id,u1_0.password,u1_0.role,u1_0.username from users u1_0 where u1_0.username=?
2025-03-10T11:26:07.882Z DEBUG 4020073 --- [braggly] [http-nio-9191-exec-3] o.s.security.web.FilterChainProxy        : Secured GET /api/whoami
2025-03-10T11:26:07.883Z DEBUG 4020073 --- [braggly] [http-nio-9191-exec-3] o.s.web.servlet.DispatcherServlet        : GET "/api/whoami", parameters={}
2025-03-10T11:26:07.886Z DEBUG 4020073 --- [braggly] [http-nio-9191-exec-3] s.w.s.m.m.a.RequestMappingHandlerMapping : Mapped to com.example.backend.controller.WhoAmIController#whoAmI(Authentication)
2025-03-10T11:26:07.893Z DEBUG 4020073 --- [braggly] [http-nio-9191-exec-3] m.m.a.RequestResponseBodyMethodProcessor : Using 'application/json', given [*/*] and supported [application/json, application/*+json]
2025-03-10T11:26:07.894Z DEBUG 4020073 --- [braggly] [http-nio-9191-exec-3] m.m.a.RequestResponseBodyMethodProcessor : Writing [{role=ADMIN, username=admin}]
2025-03-10T11:26:07.895Z DEBUG 4020073 --- [braggly] [http-nio-9191-exec-3] o.s.web.servlet.DispatcherServlet        : Completed 200 OK
2025-03-10T11:26:14.628Z DEBUG 4020073 --- [braggly] [http-nio-9191-exec-5] o.s.security.web.FilterChainProxy        : Securing GET /api/hello
2025-03-10T11:26:14.634Z DEBUG 4020073 --- [braggly] [http-nio-9191-exec-5] org.hibernate.SQL                        : select u1_0.id,u1_0.password,u1_0.role,u1_0.username from users u1_0 where u1_0.username=?
2025-03-10T11:26:14.642Z DEBUG 4020073 --- [braggly] [http-nio-9191-exec-5] o.s.security.web.FilterChainProxy        : Secured GET /api/hello
2025-03-10T11:26:14.642Z DEBUG 4020073 --- [braggly] [http-nio-9191-exec-5] o.s.web.servlet.DispatcherServlet        : GET "/api/hello", parameters={}
2025-03-10T11:26:14.643Z DEBUG 4020073 --- [braggly] [http-nio-9191-exec-5] s.w.s.m.m.a.RequestMappingHandlerMapping : Mapped to com.example.backend.controller.HelloController#sayHello()
2025-03-10T11:26:14.644Z DEBUG 4020073 --- [braggly] [http-nio-9191-exec-5] m.m.a.RequestResponseBodyMethodProcessor : Using 'text/plain', given [*/*] and supported [text/plain, */*, application/json, application/*+json]
2025-03-10T11:26:14.645Z DEBUG 4020073 --- [braggly] [http-nio-9191-exec-5] m.m.a.RequestResponseBodyMethodProcessor : Writing ["Hello, world!"]
2025-03-10T11:26:14.646Z DEBUG 4020073 --- [braggly] [http-nio-9191-exec-5] o.s.web.servlet.DispatcherServlet        : Completed 200 OK
2025-03-10T11:29:54.863Z DEBUG 4020073 --- [braggly] [http-nio-9191-exec-4] o.s.security.web.FilterChainProxy        : Securing POST /api/auth/login
2025-03-10T11:29:54.866Z DEBUG 4020073 --- [braggly] [http-nio-9191-exec-4] o.s.s.w.a.AnonymousAuthenticationFilter  : Set SecurityContextHolder to anonymous SecurityContext
2025-03-10T11:29:54.867Z DEBUG 4020073 --- [braggly] [http-nio-9191-exec-4] o.s.security.web.FilterChainProxy        : Secured POST /api/auth/login
2025-03-10T11:29:54.867Z DEBUG 4020073 --- [braggly] [http-nio-9191-exec-4] o.s.web.servlet.DispatcherServlet        : POST "/api/auth/login", parameters={}
2025-03-10T11:29:54.868Z DEBUG 4020073 --- [braggly] [http-nio-9191-exec-4] s.w.s.m.m.a.RequestMappingHandlerMapping : Mapped to com.example.backend.controller.AuthController#login(User)
2025-03-10T11:29:54.870Z DEBUG 4020073 --- [braggly] [http-nio-9191-exec-4] m.m.a.RequestResponseBodyMethodProcessor : Read "application/json;charset=UTF-8" to [com.example.backend.model.User@5af2e194]
2025-03-10T11:29:54.876Z DEBUG 4020073 --- [braggly] [http-nio-9191-exec-4] org.hibernate.SQL                        : select u1_0.id,u1_0.password,u1_0.role,u1_0.username from users u1_0 where u1_0.username=?
2025-03-10T11:29:55.000Z DEBUG 4020073 --- [braggly] [http-nio-9191-exec-4] o.s.w.s.m.m.a.HttpEntityMethodProcessor  : Using 'text/plain', given [*/*] and supported [text/plain, */*, application/json, application/*+json]
2025-03-10T11:29:55.001Z DEBUG 4020073 --- [braggly] [http-nio-9191-exec-4] o.s.w.s.m.m.a.HttpEntityMethodProcessor  : Writing ["{"token": "eyJhbGciOiJIUzI1NiJ9.eyJzdWIiOiJhZG1pbiIsImlhdCI6MTc0MTYwNjE5NCwiZXhwIjoxNzQxNjA5Nzk0fQ.V (truncated)..."]
2025-03-10T11:29:55.003Z DEBUG 4020073 --- [braggly] [http-nio-9191-exec-4] o.s.web.servlet.DispatcherServlet        : Completed 200 OK
